
*** Running vivado
    with args -log dynamic_blinker.vds -m64 -product Vivado -mode batch -messageDb vivado.pb -notrace -source dynamic_blinker.tcl


****** Vivado v2018.2 (64-bit)
  **** SW Build 2258646 on Thu Jun 14 20:03:12 MDT 2018
  **** IP Build 2256618 on Thu Jun 14 22:10:49 MDT 2018
    ** Copyright 1986-2018 Xilinx, Inc. All Rights Reserved.

source dynamic_blinker.tcl -notrace
Command: synth_design -top dynamic_blinker -part xc7a35tcpg236-1
Starting synth_design
Attempting to get a license for feature 'Synthesis' and/or device 'xc7a35t'
INFO: [Common 17-349] Got license for feature 'Synthesis' and/or device 'xc7a35t'
INFO: Launching helper process for spawning children vivado processes
INFO: Helper process launched with PID 21544 
---------------------------------------------------------------------------------
Starting RTL Elaboration : Time (s): cpu = 00:00:02 ; elapsed = 00:00:02 . Memory (MB): peak = 356.113 ; gain = 98.719
---------------------------------------------------------------------------------
INFO: [Synth 8-6157] synthesizing module 'dynamic_blinker' [C:/Users/Jassh/vivado_proj/project_lab3/project_lab3.srcs/sources_1/new/dynamic_blinker.v:23]
ERROR: [Synth 8-521] parameter assignment could not be resolved to a constant [C:/Users/Jassh/vivado_proj/project_lab3/project_lab3.srcs/sources_1/new/dynamic_blinker.v:25]
ERROR: [Synth 8-6156] failed synthesizing module 'dynamic_blinker' [C:/Users/Jassh/vivado_proj/project_lab3/project_lab3.srcs/sources_1/new/dynamic_blinker.v:23]
---------------------------------------------------------------------------------
Finished RTL Elaboration : Time (s): cpu = 00:00:03 ; elapsed = 00:00:03 . Memory (MB): peak = 411.465 ; gain = 154.070
---------------------------------------------------------------------------------
RTL Elaboration failed
INFO: [Common 17-83] Releasing license: Synthesis
3 Infos, 0 Warnings, 0 Critical Warnings and 3 Errors encountered.
synth_design failed
ERROR: [Common 17-69] Command failed: Synthesis failed - please see the console or run log file for details
INFO: [Common 17-206] Exiting Vivado at Tue Feb 16 16:13:36 2021...
